2024-07-12 09:17:20,881 - DEBUG - Starting batch update...
2024-07-12 09:17:20,882 - DEBUG - Processing record: KC-RLM
2024-07-12 09:17:20,882 - DEBUG - Attempting to focus ProVal window...
2024-07-12 09:17:20,962 - DEBUG - Found ProVal window: hwndwrapper.DialogWrapper - 'ProVal', WindowsForms10.Window.8.app.0.13965fa_r8_ad1
2024-07-12 09:17:22,145 - DEBUG - ProVal window is confirmed as active.
2024-07-12 09:17:22,147 - DEBUG - Pressing Ctrl+O to open Parcel Selection screen.
2024-07-12 09:17:25,256 - DEBUG - Parcel Selection screen is active.
2024-07-12 09:17:25,261 - DEBUG - Navigating for AIN input.
2024-07-12 09:17:25,261 - DEBUG - Navigating to AIN field.
2024-07-12 09:17:32,880 - DEBUG - Opening Property Records.
2024-07-12 09:17:37,981 - DEBUG - Updating fields.
2024-07-12 09:17:39,909 - DEBUG - Saving changes.
2024-07-12 09:17:47,140 - INFO - Batch update completed. Processed 1 records.
2024-07-12 15:44:38,834 - DEBUG - Starting batch update...
2024-07-12 15:44:38,834 - DEBUG - Processing record: 345133
2024-07-12 15:44:38,834 - DEBUG - Attempting to focus ProVal window...
2024-07-12 15:44:38,943 - DEBUG - Found ProVal window: hwndwrapper.DialogWrapper - 'ProVal', WindowsForms10.Window.8.app.0.13965fa_r8_ad1
2024-07-12 15:44:40,127 - DEBUG - ProVal window is confirmed as active.
2024-07-12 15:44:40,127 - DEBUG - Pressing Ctrl+O to open Parcel Selection screen.
2024-07-12 15:44:43,231 - DEBUG - Parcel Selection screen is active.
2024-07-12 15:44:43,231 - DEBUG - Navigating for AIN input.
2024-07-12 15:44:43,231 - DEBUG - Navigating to AIN field.
2024-07-12 15:44:50,859 - DEBUG - Opening Property Records.
2024-07-12 15:44:55,963 - DEBUG - Updating fields.
2024-07-12 15:44:57,900 - DEBUG - Saving changes.
2024-07-12 15:45:00,001 - DEBUG - Processing record: 348586
2024-07-12 15:45:00,001 - DEBUG - Attempting to focus ProVal window...
2024-07-12 15:45:00,097 - DEBUG - Found ProVal window: hwndwrapper.DialogWrapper - 'ProVal', WindowsForms10.Window.8.app.0.13965fa_r8_ad1
2024-07-12 15:45:01,104 - DEBUG - ProVal window is confirmed as active.
2024-07-12 15:45:01,104 - DEBUG - Pressing Ctrl+O to open Parcel Selection screen.
2024-07-12 15:45:04,208 - DEBUG - Parcel Selection screen is active.
2024-07-12 15:45:04,208 - DEBUG - Navigating for AIN input.
2024-07-12 15:45:04,208 - DEBUG - Navigating to AIN field.
2024-07-12 15:45:11,834 - DEBUG - Opening Property Records.
2024-07-12 15:45:16,938 - DEBUG - Updating fields.
2024-07-12 15:45:18,874 - DEBUG - Saving changes.
2024-07-12 15:45:20,975 - DEBUG - Processing record: 345134
2024-07-12 15:45:20,975 - DEBUG - Attempting to focus ProVal window...
2024-07-12 15:45:21,076 - DEBUG - Found ProVal window: hwndwrapper.DialogWrapper - 'ProVal', WindowsForms10.Window.8.app.0.13965fa_r8_ad1
2024-07-12 15:45:22,078 - DEBUG - ProVal window is confirmed as active.
2024-07-12 15:45:22,078 - DEBUG - Pressing Ctrl+O to open Parcel Selection screen.
2024-07-12 15:45:25,182 - DEBUG - Parcel Selection screen is active.
2024-07-12 15:45:25,182 - DEBUG - Navigating for AIN input.
2024-07-12 15:45:25,182 - DEBUG - Navigating to AIN field.
2024-07-12 15:45:32,805 - DEBUG - Opening Property Records.
2024-07-12 15:45:37,910 - DEBUG - Updating fields.
2024-07-12 15:45:39,841 - DEBUG - Saving changes.
2024-07-12 15:47:17,883 - INFO - Batch update completed. Processed 3 records.
2024-07-12 15:25:26,232 - DEBUG - Starting batch update...
2024-07-12 15:25:26,232 - DEBUG - Processing record: 199313
2024-07-12 15:25:26,232 - DEBUG - Attempting to focus ProVal window...
2024-07-12 15:25:26,341 - DEBUG - Found ProVal window: hwndwrapper.DialogWrapper - 'ProVal', WindowsForms10.Window.8.app.0.13965fa_r8_ad1
2024-07-12 15:25:27,519 - DEBUG - ProVal window is confirmed as active.
2024-07-12 15:25:27,519 - DEBUG - Pressing Ctrl+O to open Parcel Selection screen.
2024-07-12 15:25:30,624 - ERROR - Error in batch update: Parcel Selection screen not found.
2024-07-12 15:25:33,718 - DEBUG - Starting batch update...
2024-07-12 15:25:33,734 - DEBUG - Processing record: 199313
2024-07-12 15:25:33,734 - DEBUG - Attempting to focus ProVal window...
2024-07-12 15:25:33,812 - DEBUG - Found ProVal window: hwndwrapper.DialogWrapper - 'ProVal', WindowsForms10.Window.8.app.0.13965fa_r8_ad1
2024-07-12 15:25:35,007 - DEBUG - ProVal window is confirmed as active.
2024-07-12 15:25:35,007 - DEBUG - Pressing Ctrl+O to open Parcel Selection screen.
2024-07-12 15:25:38,109 - DEBUG - Parcel Selection screen is active.
2024-07-12 15:25:38,109 - DEBUG - Navigating for AIN input.
2024-07-12 15:25:38,109 - DEBUG - Navigating to AIN field.
2024-07-12 15:25:45,734 - DEBUG - Opening Property Records.
2024-07-12 15:25:50,838 - DEBUG - Updating fields.
2024-07-12 15:25:52,759 - DEBUG - Saving changes.
2024-07-12 15:25:58,903 - INFO - Batch update completed. Processed 1 records.
2024-07-22 10:26:01,705 - DEBUG - Starting batch update...
2024-07-22 10:26:01,705 - DEBUG - Processing record: KC-DGW
2024-07-22 10:26:01,705 - DEBUG - Attempting to focus ProVal window...
2024-07-22 10:26:01,861 - DEBUG - Found ProVal window: hwndwrapper.DialogWrapper - 'ProVal', WindowsForms10.Window.8.app.0.13965fa_r8_ad1
2024-07-22 10:26:03,057 - DEBUG - ProVal window is confirmed as active.
2024-07-22 10:26:03,057 - DEBUG - Pressing Ctrl+O to open Parcel Selection screen.
2024-07-22 10:26:06,158 - DEBUG - Parcel Selection screen is active.
2024-07-22 10:26:06,158 - DEBUG - Navigating for PIN input.
2024-07-22 10:26:06,158 - DEBUG - Ensuring we start from the PIN by pressing up 11 times.
2024-07-22 10:26:13,383 - DEBUG - Opening Property Records.
2024-07-22 10:26:18,486 - DEBUG - Updating fields.
2024-07-22 10:26:20,423 - DEBUG - Saving changes.
2024-07-22 10:26:27,475 - INFO - Batch update completed. Processed 1 records.
2024-07-22 13:35:56,979 - DEBUG - Starting batch update...
2024-07-22 13:35:56,979 - DEBUG - Processing record: KC-DGW
2024-07-22 13:35:56,979 - DEBUG - Attempting to focus ProVal window...
2024-07-22 13:35:57,178 - DEBUG - Found ProVal window: hwndwrapper.DialogWrapper - 'ProVal', WindowsForms10.Window.8.app.0.13965fa_r8_ad1
2024-07-22 13:35:58,364 - DEBUG - ProVal window is confirmed as active.
2024-07-22 13:35:58,364 - DEBUG - Pressing Ctrl+O to open Parcel Selection screen.
2024-07-22 13:36:01,467 - DEBUG - Parcel Selection screen is active.
2024-07-22 13:36:01,467 - DEBUG - Navigating for PIN input.
2024-07-22 13:36:01,467 - DEBUG - Ensuring we start from the PIN by pressing up 11 times.
2024-07-22 13:36:05,695 - DEBUG - Opening Property Records.
2024-07-22 13:36:10,798 - DEBUG - Updating fields.
2024-07-22 13:36:12,623 - DEBUG - Saving changes.
2024-07-22 13:36:25,307 - INFO - Batch update completed. Processed 1 records.
2024-07-22 13:36:32,209 - DEBUG - Starting batch update...
2024-07-22 13:36:32,209 - DEBUG - Processing record: KC-DGW
2024-07-22 13:36:32,209 - DEBUG - Attempting to focus ProVal window...
2024-07-22 13:36:32,393 - DEBUG - Found ProVal window: hwndwrapper.DialogWrapper - 'ProVal', WindowsForms10.Window.8.app.0.13965fa_r8_ad1
2024-07-22 13:36:33,581 - DEBUG - ProVal window is confirmed as active.
2024-07-22 13:36:33,581 - DEBUG - Pressing Ctrl+O to open Parcel Selection screen.
2024-07-22 13:36:36,685 - DEBUG - Parcel Selection screen is active.
2024-07-22 13:36:36,685 - DEBUG - Navigating for PIN input.
2024-07-22 13:36:36,685 - DEBUG - Ensuring we start from the PIN by pressing up 11 times.
2024-07-22 13:36:40,926 - DEBUG - Opening Property Records.
2024-07-22 13:36:46,029 - DEBUG - Updating fields.
2024-07-22 13:36:47,967 - DEBUG - Saving changes.
2024-07-22 13:36:51,898 - INFO - Batch update completed. Processed 1 records.
2024-07-22 13:39:04,307 - DEBUG - Starting batch update...
2024-07-22 13:39:04,307 - DEBUG - Processing record: KC-DGW
2024-07-22 13:39:04,307 - DEBUG - Attempting to focus ProVal window...
2024-07-22 13:39:04,483 - DEBUG - Found ProVal window: hwndwrapper.DialogWrapper - 'ProVal', WindowsForms10.Window.8.app.0.13965fa_r8_ad1
2024-07-22 13:39:05,661 - DEBUG - ProVal window is confirmed as active.
2024-07-22 13:39:05,663 - DEBUG - Pressing Ctrl+O to open Parcel Selection screen.
2024-07-22 13:39:08,772 - ERROR - Error in batch update: Parcel Selection screen not found.
2024-07-22 13:39:12,280 - DEBUG - Starting batch update...
2024-07-22 13:39:12,281 - DEBUG - Processing record: KC-DGW
2024-07-22 13:39:12,281 - DEBUG - Attempting to focus ProVal window...
2024-07-22 13:39:12,454 - DEBUG - Found ProVal window: hwndwrapper.DialogWrapper - 'ProVal', WindowsForms10.Window.8.app.0.13965fa_r8_ad1
2024-07-22 13:39:13,638 - DEBUG - ProVal window is confirmed as active.
2024-07-22 13:39:13,638 - DEBUG - Pressing Ctrl+O to open Parcel Selection screen.
2024-07-22 13:39:16,746 - DEBUG - Parcel Selection screen is active.
2024-07-22 13:39:16,748 - DEBUG - Navigating for PIN input.
2024-07-22 13:39:16,749 - DEBUG - Ensuring we start from the PIN by pressing up 11 times.
2024-07-22 13:39:20,977 - DEBUG - Opening Property Records.
2024-07-22 13:39:26,081 - DEBUG - Updating fields.
2024-07-22 13:39:27,902 - DEBUG - Saving changes.
2024-07-22 13:39:32,065 - INFO - Batch update completed. Processed 1 records.
2024-06-28 09:17:00,673 - DEBUG - Starting batch update...
2024-06-28 09:17:00,673 - DEBUG - Processing record: KC-DGW
2024-06-28 09:17:00,673 - DEBUG - Attempting to focus ProVal window...
2024-06-28 09:17:00,829 - DEBUG - ProVal process not found.
2024-06-28 09:17:00,829 - ERROR - Error in batch update: ProVal window not found or could not be focused.
2024-06-28 09:17:49,433 - DEBUG - Starting batch update...
2024-06-28 09:17:49,433 - DEBUG - Processing record: KC-DGW
2024-06-28 09:17:49,433 - DEBUG - Attempting to focus ProVal window...
2024-06-28 09:17:49,609 - DEBUG - Found ProVal window: hwndwrapper.DialogWrapper - 'ProVal', WindowsForms10.Window.8.app.0.13965fa_r8_ad1
2024-06-28 09:17:50,797 - DEBUG - ProVal window is confirmed as active.
2024-06-28 09:17:50,797 - DEBUG - Pressing Ctrl+O to open Parcel Selection screen.
2024-06-28 09:17:53,900 - DEBUG - Parcel Selection screen is active.
2024-06-28 09:17:53,900 - DEBUG - Navigating for PIN input.
2024-06-28 09:17:53,900 - DEBUG - Ensuring we start from the PIN by pressing up 11 times.
2024-06-28 09:18:01,124 - DEBUG - Opening Property Records.
2024-06-28 09:18:06,227 - DEBUG - Updating fields.
2024-06-28 09:18:08,155 - DEBUG - Saving changes.
2024-06-28 09:19:29,145 - INFO - Batch update completed. Processed 1 records.
2024-07-22 13:40:56,412 - DEBUG - Starting batch update...
2024-07-22 13:40:56,415 - DEBUG - Processing record: KC-DGW
2024-07-22 13:40:56,415 - DEBUG - Attempting to focus ProVal window...
2024-07-22 13:40:56,613 - DEBUG - Found ProVal window: hwndwrapper.DialogWrapper - 'ProVal', WindowsForms10.Window.8.app.0.13965fa_r8_ad1
2024-07-22 13:40:57,798 - DEBUG - ProVal window is confirmed as active.
2024-07-22 13:40:57,798 - DEBUG - Pressing Ctrl+O to open Parcel Selection screen.
2024-07-22 13:41:00,905 - DEBUG - Parcel Selection screen is active.
2024-07-22 13:41:00,905 - DEBUG - Navigating for PIN input.
2024-07-22 13:41:00,906 - DEBUG - Ensuring we start from the PIN by pressing up 11 times.
2024-07-22 13:41:05,132 - DEBUG - Opening Property Records.
2024-07-22 13:41:10,235 - DEBUG - Updating fields.
2024-07-22 13:41:12,374 - DEBUG - Saving changes.
2024-07-22 13:41:15,965 - INFO - Batch update completed. Processed 1 records.