2024-08-08 11:28:18,554 - DEBUG - Starting batch update...
2024-08-08 11:28:18,570 - DEBUG - Processing record: KC-DGW
2024-08-08 11:28:18,570 - DEBUG - Attempting to focus ProVal window...
2024-08-08 11:28:18,769 - DEBUG - ProVal process not found.
2024-08-08 11:28:18,785 - ERROR - Error in batch update: ProVal window not found or could not be focused.
2024-08-08 11:29:15,012 - DEBUG - Starting batch update...
2024-08-08 11:29:15,012 - DEBUG - Processing record: KC-DGW
2024-08-08 11:29:15,027 - DEBUG - Attempting to focus ProVal window...
2024-08-08 11:29:15,239 - DEBUG - Found ProVal window: hwndwrapper.DialogWrapper - 'ProVal', WindowsForms10.Window.8.app.0.13965fa_r8_ad1
2024-08-08 11:29:16,438 - DEBUG - ProVal window is confirmed as active.
2024-08-08 11:29:16,438 - DEBUG - Pressing Ctrl+O to open Parcel Selection screen.
2024-08-08 11:29:19,540 - DEBUG - Parcel Selection screen is active.
2024-08-08 11:29:19,540 - DEBUG - Navigating for AIN input.
2024-08-08 11:29:19,540 - DEBUG - Navigating to AIN field.
2024-08-08 11:29:24,175 - DEBUG - Opening Property Records.
2024-08-08 11:29:29,277 - DEBUG - Updating fields.
2024-08-08 11:29:31,410 - DEBUG - Saving changes.
2024-08-08 11:29:37,763 - INFO - Batch update completed. Processed 1 records.
2024-08-15 13:43:31,476 - WARNING - Configuration file C:\Users\rmason\AppData\Roaming\InspectionRecordUpdater\config.ini not found. Creating a default one.
2024-08-15 13:43:31,478 - INFO - Created default configuration file at C:\Users\rmason\AppData\Roaming\InspectionRecordUpdater\config.ini
2024-08-15 13:44:00,345 - DEBUG - Starting batch update...
2024-08-15 13:44:00,361 - DEBUG - Processing record: 139750
2024-08-15 13:44:00,361 - DEBUG - Attempting to focus ProVal window...
2024-08-15 13:44:00,707 - DEBUG - Found ProVal window: hwndwrapper.DialogWrapper - 'ProVal', WindowsForms10.Window.8.app.0.13965fa_r8_ad1
2024-08-15 13:44:01,888 - DEBUG - ProVal window is confirmed as active.
2024-08-15 13:44:01,888 - DEBUG - Pressing Ctrl+O to open Parcel Selection screen.
2024-08-15 13:44:04,994 - DEBUG - Parcel Selection screen is active.
2024-08-15 13:44:04,994 - DEBUG - Navigating for AIN input.
2024-08-15 13:44:04,994 - DEBUG - Navigating to AIN field.
2024-08-15 13:44:08,624 - DEBUG - Opening Property Records.
2024-08-15 13:44:10,726 - DEBUG - Updating fields.
2024-08-15 13:44:12,508 - DEBUG - Saving changes.
2024-08-15 13:45:02,165 - INFO - Batch update completed. Processed 1 records.
2024-08-15 13:45:17,696 - DEBUG - Starting batch update...
2024-08-15 13:45:17,696 - DEBUG - Processing record: 139750
2024-08-15 13:45:17,696 - DEBUG - Attempting to focus ProVal window...
2024-08-15 13:45:18,037 - DEBUG - Found ProVal window: hwndwrapper.DialogWrapper - 'ProVal', WindowsForms10.Window.8.app.0.13965fa_r8_ad1
2024-08-15 13:45:19,235 - DEBUG - ProVal window is confirmed as active.
2024-08-15 13:45:19,235 - DEBUG - Pressing Ctrl+O to open Parcel Selection screen.
2024-08-15 13:45:22,336 - DEBUG - Parcel Selection screen is active.
2024-08-15 13:45:22,336 - DEBUG - Navigating for AIN input.
2024-08-15 13:45:22,336 - DEBUG - Navigating to AIN field.
2024-08-15 13:45:24,163 - DEBUG - Opening Property Records.
2024-08-15 13:45:26,269 - DEBUG - Updating fields.
2024-08-15 13:45:27,775 - DEBUG - Saving changes.
2024-08-15 13:46:48,221 - INFO - Batch update completed. Processed 1 records.
2024-08-15 13:47:02,900 - DEBUG - Starting batch update...
2024-08-15 13:47:02,900 - DEBUG - Processing record: 139750
2024-08-15 13:47:02,900 - DEBUG - Attempting to focus ProVal window...
2024-08-15 13:47:03,263 - DEBUG - Found ProVal window: hwndwrapper.DialogWrapper - 'ProVal', WindowsForms10.Window.8.app.0.13965fa_r8_ad1
2024-08-15 13:47:04,439 - DEBUG - ProVal window is confirmed as active.
2024-08-15 13:47:04,439 - DEBUG - Pressing Ctrl+O to open Parcel Selection screen.
2024-08-15 13:47:07,541 - DEBUG - Parcel Selection screen is active.
2024-08-15 13:47:07,541 - DEBUG - Navigating for AIN input.
2024-08-15 13:47:07,541 - DEBUG - Navigating to AIN field.
2024-08-15 13:47:08,161 - DEBUG - Opening Property Records.
2024-08-15 13:47:10,263 - DEBUG - Updating fields.
2024-08-15 13:47:11,762 - DEBUG - Saving changes.
2024-08-15 13:47:21,787 - INFO - Batch update completed. Processed 1 records.
2024-08-15 14:09:45,446 - DEBUG - Starting batch update...
2024-08-15 14:09:45,462 - DEBUG - Processing record: 139750
2024-08-15 14:09:45,463 - DEBUG - Attempting to focus ProVal window...
2024-08-15 14:09:45,782 - DEBUG - Found ProVal window: hwndwrapper.DialogWrapper - 'ProVal', WindowsForms10.Window.8.app.0.13965fa_r8_ad1
2024-08-15 14:09:46,475 - DEBUG - ProVal window is confirmed as active.
2024-08-15 14:09:46,475 - DEBUG - Pressing Ctrl+O to open Parcel Selection screen.
2024-08-15 14:09:47,078 - DEBUG - Parcel Selection screen is active.
2024-08-15 14:09:47,079 - DEBUG - Navigating for AIN input.
2024-08-15 14:09:47,079 - DEBUG - Navigating to AIN field.
2024-08-15 14:09:48,398 - DEBUG - Opening Property Records.
2024-08-15 14:09:49,000 - DEBUG - Updating fields.
2024-08-15 14:09:50,493 - DEBUG - Saving changes.
2024-08-15 14:10:35,559 - INFO - Batch update completed. Processed 1 records.
2024-08-15 14:49:55,621 - DEBUG - Starting batch update...
2024-08-15 14:49:55,633 - DEBUG - Processing record: 139750
2024-08-15 14:49:55,634 - DEBUG - Attempting to focus ProVal window...
2024-08-15 14:49:55,990 - DEBUG - Found ProVal window: hwndwrapper.DialogWrapper - 'ProVal', WindowsForms10.Window.8.app.0.13965fa_r8_ad1
2024-08-15 14:49:56,670 - DEBUG - ProVal window is confirmed as active.
2024-08-15 14:49:56,671 - DEBUG - Pressing Ctrl+O to open Parcel Selection screen.
2024-08-15 14:49:57,280 - DEBUG - Parcel Selection screen is active.
2024-08-15 14:49:57,280 - DEBUG - Navigating for AIN input.
2024-08-15 14:49:57,280 - DEBUG - Navigating to AIN field.
2024-08-15 14:49:58,602 - DEBUG - Opening Property Records.
2024-08-15 14:49:59,204 - DEBUG - Updating fields.
2024-08-15 14:50:00,699 - DEBUG - Saving changes.
2024-08-15 14:50:14,198 - INFO - Batch update completed. Processed 1 records.
2024-08-15 14:59:44,852 - DEBUG - Starting batch update...
2024-08-15 14:59:44,852 - DEBUG - Processing record: 139750
2024-08-15 14:59:44,852 - DEBUG - Attempting to focus ProVal window...
2024-08-15 14:59:44,868 - DEBUG - Found ProVal window: hwndwrapper.DialogWrapper - 'ProVal', WindowsForms10.Window.8.app.0.13965fa_r8_ad1
2024-08-15 14:59:45,582 - DEBUG - ProVal window is confirmed as active.
2024-08-15 14:59:45,582 - DEBUG - Pressing Ctrl+O to open Parcel Selection screen.
2024-08-15 14:59:46,186 - DEBUG - Parcel Selection screen is active.
2024-08-15 14:59:46,186 - DEBUG - Navigating for AIN input.
2024-08-15 14:59:46,186 - DEBUG - Navigating to AIN field.
2024-08-15 14:59:47,505 - DEBUG - Opening Property Records.
2024-08-15 14:59:48,109 - DEBUG - Updating fields.
2024-08-15 14:59:49,621 - DEBUG - Saving changes.
2024-08-15 15:01:55,931 - INFO - Batch update completed. Processed 1 records.
