2024-07-23 13:06:26,417 - DEBUG - Attempting to focus ProVal window...
2024-07-23 13:06:26,458 - ERROR - Error focusing ProVal window: 'Window' object has no attribute 'get_proval_pid'
2024-07-23 13:07:30,684 - DEBUG - Attempting to focus ProVal window...
2024-07-23 13:07:30,711 - ERROR - Error focusing ProVal window: name 'psutil' is not defined
2024-07-23 13:08:25,783 - DEBUG - Attempting to focus ProVal window...
2024-07-23 13:08:25,831 - ERROR - Error focusing ProVal window: name 'os' is not defined
2024-07-23 13:12:55,650 - DEBUG - Attempting to focus ProVal window...
2024-07-23 13:12:55,734 - ERROR - Error focusing ProVal window: 'Window' object has no attribute 'proval_path'
2024-07-23 13:19:42,356 - DEBUG - Attempting to focus ProVal window...
2024-07-23 13:19:42,439 - ERROR - Error focusing ProVal window: 'Window' object has no attribute 'proval_path'
2024-07-23 13:21:07,863 - DEBUG - Attempting to focus ProVal window...
2024-07-23 13:21:07,901 - ERROR - Error focusing ProVal window: 'Window' object has no attribute 'proval_path'
2024-07-23 13:23:33,169 - DEBUG - Attempting to focus ProVal window...
2024-07-23 13:23:33,645 - DEBUG - Found ProVal window: hwndwrapper.DialogWrapper - 'ProVal', WindowsForms10.Window.8.app.0.13965fa_r8_ad1
2024-07-23 13:23:34,824 - DEBUG - ProVal window is confirmed as active.
2024-07-23 13:29:23,820 - DEBUG - Attempting to focus ProVal window...
2024-07-23 13:29:24,289 - DEBUG - Found ProVal window: hwndwrapper.DialogWrapper - 'ProVal', WindowsForms10.Window.8.app.0.13965fa_r8_ad1
2024-07-23 13:29:25,478 - DEBUG - ProVal window is confirmed as active.
2024-07-23 13:29:30,055 - DEBUG - Attempting to focus ProVal window...
2024-07-23 13:29:30,102 - DEBUG - Found ProVal window: hwndwrapper.DialogWrapper - 'ProVal', WindowsForms10.Window.8.app.0.13965fa_r8_ad1
2024-07-23 13:29:31,278 - DEBUG - ProVal window is confirmed as active.
2024-07-23 13:42:32,288 - DEBUG - Attempting to focus ProVal window...
2024-07-23 13:42:32,830 - DEBUG - Found ProVal window: hwndwrapper.DialogWrapper - 'ProVal', WindowsForms10.Window.8.app.0.13965fa_r8_ad1
2024-07-23 13:42:34,006 - DEBUG - ProVal window is confirmed as active.
2024-07-23 13:42:37,629 - DEBUG - Attempting to focus ProVal window...
2024-07-23 13:42:37,693 - DEBUG - Found ProVal window: hwndwrapper.DialogWrapper - 'ProVal', WindowsForms10.Window.8.app.0.13965fa_r8_ad1
2024-07-23 13:42:38,868 - DEBUG - ProVal window is confirmed as active.
2024-07-23 13:42:40,872 - DEBUG - Clicking at position (996, 584) in ProVal
