2024-06-13 12:13:15,198 - DEBUG - Updating records...
2024-06-13 12:13:15,198 - DEBUG - Attempting to focus ProVal window...
2024-06-13 12:13:15,289 - DEBUG - Found ProVal window: hwndwrapper.DialogWrapper - 'ProVal', WindowsForms10.Window.8.app.0.13965fa_r8_ad1
2024-06-13 12:13:16,470 - DEBUG - ProVal window is confirmed as active.
2024-06-13 12:13:16,470 - DEBUG - Pressing Ctrl+O to open Parcel Selection screen.
2024-06-13 12:13:16,577 - DEBUG - Waiting for Parcel Selection screen to open.
2024-06-13 12:13:19,578 - DEBUG - Parcel Selection screen is active.
2024-06-13 12:13:19,578 - DEBUG - Ensuring we start from the PIN by pressing up 11 times.
2024-06-13 12:13:20,795 - DEBUG - Entering PIN or Alt-PIN.
2024-06-13 12:13:20,795 - DEBUG - PIN selected. Navigating to the first range field.
2024-06-13 12:13:26,809 - DEBUG - Pressing Alt+P followed by I to open Property Records.
2024-06-13 12:13:31,913 - DEBUG - Navigating to the appropriate fields.
2024-06-13 12:13:32,837 - DEBUG - Selecting data source based on dropdown.
2024-06-13 12:13:34,952 - DEBUG - Saving the changes.
2024-06-13 12:13:38,485 - INFO - Records updated successfully.
2024-06-13 12:14:02,822 - DEBUG - Updating records...
2024-06-13 12:14:02,822 - DEBUG - Attempting to focus ProVal window...
2024-06-13 12:14:02,909 - DEBUG - Found ProVal window: hwndwrapper.DialogWrapper - 'ProVal', WindowsForms10.Window.8.app.0.13965fa_r8_ad1
2024-06-13 12:14:04,087 - DEBUG - ProVal window is confirmed as active.
2024-06-13 12:14:04,087 - DEBUG - Pressing Ctrl+O to open Parcel Selection screen.
2024-06-13 12:14:04,189 - DEBUG - Waiting for Parcel Selection screen to open.
2024-06-13 12:14:07,189 - DEBUG - Parcel Selection screen is active.
2024-06-13 12:14:07,189 - DEBUG - Ensuring we start from the PIN by pressing up 11 times.
2024-06-13 12:14:08,404 - DEBUG - Entering PIN or Alt-PIN.
2024-06-13 12:14:08,404 - DEBUG - PIN selected. Navigating to the first range field.
2024-06-13 12:14:14,418 - DEBUG - Pressing Alt+P followed by I to open Property Records.
2024-06-13 12:14:19,521 - DEBUG - Navigating to the appropriate fields.
2024-06-13 12:14:20,335 - DEBUG - Selecting data source based on dropdown.
2024-06-13 12:14:21,342 - DEBUG - Saving the changes.
2024-06-13 12:14:25,827 - INFO - Records updated successfully.
2024-06-13 12:14:32,981 - DEBUG - Updating records...
2024-06-13 12:14:32,981 - DEBUG - Attempting to focus ProVal window...
2024-06-13 12:14:33,062 - DEBUG - Found ProVal window: hwndwrapper.DialogWrapper - 'ProVal', WindowsForms10.Window.8.app.0.13965fa_r8_ad1
2024-06-13 12:14:34,257 - DEBUG - ProVal window is confirmed as active.
2024-06-13 12:14:34,257 - DEBUG - Pressing Ctrl+O to open Parcel Selection screen.
2024-06-13 12:14:34,361 - DEBUG - Waiting for Parcel Selection screen to open.
2024-06-13 12:14:37,362 - DEBUG - Parcel Selection screen is active.
2024-06-13 12:14:37,362 - DEBUG - Ensuring we start from the PIN by pressing up 11 times.
2024-06-13 12:14:38,577 - DEBUG - Entering PIN or Alt-PIN.
2024-06-13 12:14:38,577 - DEBUG - PIN selected. Navigating to the first range field.
2024-06-13 12:14:44,589 - DEBUG - Pressing Alt+P followed by I to open Property Records.
2024-06-13 12:14:49,691 - DEBUG - Navigating to the appropriate fields.
2024-06-13 12:14:50,509 - DEBUG - Selecting data source based on dropdown.
2024-06-13 12:14:51,517 - DEBUG - Saving the changes.
2024-06-13 12:15:01,683 - INFO - Records updated successfully.
2024-06-13 12:15:33,390 - DEBUG - Updating records...
2024-06-13 12:15:33,390 - DEBUG - Attempting to focus ProVal window...
2024-06-13 12:15:33,474 - DEBUG - Found ProVal window: hwndwrapper.DialogWrapper - 'ProVal', WindowsForms10.Window.8.app.0.13965fa_r8_ad1
2024-06-13 12:15:34,672 - DEBUG - ProVal window is confirmed as active.
2024-06-13 12:15:34,672 - DEBUG - Pressing Ctrl+O to open Parcel Selection screen.
2024-06-13 12:15:34,777 - DEBUG - Waiting for Parcel Selection screen to open.
2024-06-13 12:15:37,778 - DEBUG - Parcel Selection screen is active.
2024-06-13 12:15:37,778 - DEBUG - Ensuring we start from the PIN by pressing up 11 times.
2024-06-13 12:15:38,991 - DEBUG - Entering PIN or Alt-PIN.
2024-06-13 12:15:38,991 - DEBUG - Alt-PIN selected. Navigating to the first range field.
2024-06-13 12:15:45,403 - DEBUG - Pressing Alt+P followed by I to open Property Records.
2024-06-13 12:15:50,506 - DEBUG - Navigating to the appropriate fields.
2024-06-13 12:15:51,323 - DEBUG - Selecting data source based on dropdown.
2024-06-13 12:15:52,330 - DEBUG - Saving the changes.
2024-06-13 12:15:57,038 - INFO - Records updated successfully.
2024-06-28 09:48:01,330 - DEBUG - Starting batch update...
2024-06-28 09:48:01,336 - DEBUG - Processing record: KC-DGW
2024-06-28 09:48:01,336 - DEBUG - Attempting to focus ProVal window...
2024-06-28 09:48:01,518 - DEBUG - Found ProVal window: hwndwrapper.DialogWrapper - 'ProVal', WindowsForms10.Window.8.app.0.13965fa_r8_ad1
2024-06-28 09:48:02,695 - DEBUG - ProVal window is confirmed as active.
2024-06-28 09:48:02,695 - DEBUG - Pressing Ctrl+O to open Parcel Selection screen.
2024-06-28 09:48:05,797 - DEBUG - Parcel Selection screen is active.
2024-06-28 09:48:05,797 - DEBUG - Navigating for PIN input.
2024-06-28 09:48:05,797 - DEBUG - Ensuring we start from the PIN by pressing up 11 times.
2024-06-28 09:48:13,027 - DEBUG - Opening Property Records.
2024-06-28 09:48:18,129 - DEBUG - Updating fields.
2024-06-28 09:48:20,058 - DEBUG - Saving changes.
2024-06-28 09:48:26,943 - INFO - Batch update completed. Processed 1 records.
2024-06-28 11:16:35,124 - DEBUG - Starting batch update...
2024-06-28 11:16:35,124 - DEBUG - Caps Lock is on. Turning it off.
2024-06-28 11:16:35,225 - DEBUG - Processing record: KC-DGW
2024-06-28 11:16:35,226 - DEBUG - Attempting to focus ProVal window...
2024-06-28 11:16:35,433 - DEBUG - Found ProVal window: hwndwrapper.DialogWrapper - 'ProVal', WindowsForms10.Window.8.app.0.13965fa_r8_ad1
2024-06-28 11:16:36,616 - DEBUG - ProVal window is confirmed as active.
2024-06-28 11:16:36,616 - DEBUG - Pressing Ctrl+O to open Parcel Selection screen.
2024-06-28 11:16:39,718 - DEBUG - Parcel Selection screen is active.
2024-06-28 11:16:39,718 - DEBUG - Navigating for PIN input.
2024-06-28 11:16:39,718 - DEBUG - Ensuring we start from the PIN by pressing up 11 times.
2024-06-28 11:16:46,954 - DEBUG - Opening Property Records.
2024-06-28 11:16:52,057 - DEBUG - Updating fields.
2024-06-28 11:16:53,992 - DEBUG - Saving changes.
2024-06-28 11:17:01,621 - INFO - Batch update completed. Processed 1 records.
2024-06-28 11:17:01,621 - DEBUG - Turning Caps Lock back on.
2024-07-12 08:58:11,404 - DEBUG - Starting batch update...
2024-07-12 08:58:11,404 - DEBUG - Processing record: KC-DGW
2024-07-12 08:58:11,404 - DEBUG - Attempting to focus ProVal window...
2024-07-12 08:58:11,564 - DEBUG - ProVal process not found.
2024-07-12 08:58:11,564 - ERROR - Error in batch update: ProVal window not found or could not be focused.
2024-07-12 08:58:51,233 - DEBUG - Starting batch update...
2024-07-12 08:58:51,233 - DEBUG - Processing record: KC-DGW
2024-07-12 08:58:51,233 - DEBUG - Attempting to focus ProVal window...
2024-07-12 08:58:51,348 - DEBUG - Found ProVal window: hwndwrapper.DialogWrapper - 'ProVal', WindowsForms10.Window.8.app.0.13965fa_r8_ad1
2024-07-12 08:58:52,527 - DEBUG - ProVal window is confirmed as active.
2024-07-12 08:58:52,527 - DEBUG - Pressing Ctrl+O to open Parcel Selection screen.
2024-07-12 08:58:55,635 - DEBUG - Parcel Selection screen is active.
2024-07-12 08:58:55,635 - DEBUG - Navigating for PIN input.
2024-07-12 08:58:55,635 - DEBUG - Ensuring we start from the PIN by pressing up 11 times.
2024-07-12 08:59:02,870 - DEBUG - Opening Property Records.
2024-07-12 08:59:07,978 - DEBUG - Updating fields.
2024-07-12 08:59:09,904 - DEBUG - Saving changes.
2024-07-12 08:59:13,812 - INFO - Batch update completed. Processed 1 records.
2024-07-12 08:59:16,718 - DEBUG - Starting batch update...
2024-07-12 08:59:16,718 - DEBUG - Processing record: KC-DGW
2024-07-12 08:59:16,718 - DEBUG - Attempting to focus ProVal window...
2024-07-12 08:59:16,798 - DEBUG - Found ProVal window: hwndwrapper.DialogWrapper - 'ProVal', WindowsForms10.Window.8.app.0.13965fa_r8_ad1
2024-07-12 08:59:18,010 - DEBUG - ProVal window is confirmed as active.
2024-07-12 08:59:18,010 - DEBUG - Pressing Ctrl+O to open Parcel Selection screen.
2024-07-12 08:59:21,115 - ERROR - Error in batch update: Parcel Selection screen not found.
2024-07-12 09:05:02,989 - DEBUG - Starting batch update...
2024-07-12 09:05:02,989 - DEBUG - Processing record: KC-DGW
2024-07-12 09:05:02,989 - DEBUG - Attempting to focus ProVal window...
2024-07-12 09:05:03,081 - DEBUG - Found ProVal window: hwndwrapper.DialogWrapper - 'ProVal', WindowsForms10.Window.8.app.0.13965fa_r8_ad1
2024-07-12 09:05:04,262 - DEBUG - ProVal window is confirmed as active.
2024-07-12 09:05:04,262 - DEBUG - Pressing Ctrl+O to open Parcel Selection screen.
2024-07-12 09:05:07,367 - DEBUG - Parcel Selection screen is active.
2024-07-12 09:05:07,367 - DEBUG - Navigating for AIN input.
2024-07-12 09:05:07,367 - DEBUG - Navigating to AIN field.
2024-07-12 09:05:15,001 - DEBUG - Opening Property Records.
2024-07-12 09:05:20,103 - DEBUG - Updating fields.
2024-07-12 09:05:22,024 - DEBUG - Saving changes.
2024-07-12 09:05:24,173 - INFO - Batch update completed. Processed 1 records.
2024-07-12 09:05:27,530 - DEBUG - Starting batch update...
2024-07-12 09:05:27,530 - DEBUG - Processing record: KC-DGW
2024-07-12 09:05:27,530 - DEBUG - Attempting to focus ProVal window...
2024-07-12 09:05:27,633 - DEBUG - Found ProVal window: hwndwrapper.DialogWrapper - 'ProVal', WindowsForms10.Window.8.app.0.13965fa_r8_ad1
2024-07-12 09:05:28,810 - DEBUG - ProVal window is confirmed as active.
2024-07-12 09:05:28,810 - DEBUG - Pressing Ctrl+O to open Parcel Selection screen.
2024-07-12 09:05:31,913 - ERROR - Error in batch update: Parcel Selection screen not found.
2024-07-12 09:05:40,683 - DEBUG - Starting batch update...
2024-07-12 09:05:40,683 - DEBUG - Processing record: KC-DGW
2024-07-12 09:05:40,683 - DEBUG - Attempting to focus ProVal window...
2024-07-12 09:05:40,764 - DEBUG - Found ProVal window: hwndwrapper.DialogWrapper - 'ProVal', WindowsForms10.Window.8.app.0.13965fa_r8_ad1
2024-07-12 09:05:41,952 - DEBUG - ProVal window is confirmed as active.
2024-07-12 09:05:41,952 - DEBUG - Pressing Ctrl+O to open Parcel Selection screen.
2024-07-12 09:05:45,057 - DEBUG - Parcel Selection screen is active.
2024-07-12 09:05:45,057 - DEBUG - Navigating for PIN input.
2024-07-12 09:05:45,057 - DEBUG - Ensuring we start from the PIN by pressing up 11 times.
2024-07-12 09:05:52,272 - DEBUG - Opening Property Records.
2024-07-12 09:05:57,376 - DEBUG - Updating fields.
2024-07-12 09:05:59,298 - DEBUG - Saving changes.
2024-07-12 09:06:03,179 - INFO - Batch update completed. Processed 1 records.
2024-07-22 11:44:12,958 - DEBUG - Starting batch update...
2024-07-22 11:44:12,959 - DEBUG - Processing record: KC-DG
2024-07-22 11:44:12,959 - DEBUG - Attempting to focus ProVal window...
2024-07-22 11:44:13,154 - DEBUG - Found ProVal window: hwndwrapper.DialogWrapper - 'ProVal', WindowsForms10.Window.8.app.0.13965fa_r8_ad1
2024-07-22 11:44:14,430 - DEBUG - ProVal window is confirmed as active.
2024-07-22 11:44:14,431 - DEBUG - Pressing Ctrl+O to open Parcel Selection screen.
2024-07-22 11:44:17,541 - DEBUG - Parcel Selection screen is active.
2024-07-22 11:44:17,541 - DEBUG - Navigating for PIN input.
2024-07-22 11:44:17,541 - DEBUG - Ensuring we start from the PIN by pressing up 11 times.
2024-07-22 11:44:21,757 - DEBUG - Opening Property Records.
2024-07-22 11:44:26,859 - DEBUG - Updating fields.
2024-07-22 11:44:28,779 - DEBUG - Saving changes.
2024-07-22 11:44:30,881 - DEBUG - Processing record: KC-DGW
2024-07-22 11:44:30,883 - DEBUG - Attempting to focus ProVal window...
2024-07-22 11:44:31,067 - DEBUG - Found ProVal window: hwndwrapper.DialogWrapper - 'ProVal', WindowsForms10.Window.8.app.0.13965fa_r8_ad1
2024-07-22 11:44:32,068 - DEBUG - ProVal window is confirmed as active.
2024-07-22 11:44:32,070 - DEBUG - Pressing Ctrl+O to open Parcel Selection screen.
2024-07-22 11:44:35,178 - DEBUG - Parcel Selection screen is active.
2024-07-22 11:44:35,179 - DEBUG - Navigating for PIN input.
2024-07-22 11:44:35,179 - DEBUG - Ensuring we start from the PIN by pressing up 11 times.
2024-07-22 11:44:39,396 - DEBUG - Opening Property Records.
2024-07-22 11:44:44,498 - DEBUG - Updating fields.
2024-07-22 11:44:46,430 - DEBUG - Saving changes.
2024-07-22 11:44:51,781 - INFO - Batch update completed. Processed 2 records.
2024-07-25 14:56:37,839 - ERROR - Error populating Parcel Set dropdown: no such table: Parcel_set
2024-07-25 14:59:03,592 - ERROR - Error populating Parcel Set dropdown: no such table: Parcel_set
2024-07-25 15:19:02,781 - ERROR - Error populating Parcel Set dropdown: ('08001', '[08001] [Microsoft][ODBC SQL Server Driver][DBNETLIB]SQL Server does not exist or access denied. (17) (SQLDriverConnect); [08001] [Microsoft][ODBC SQL Server Driver][DBNETLIB]ConnectionOpen (Connect()). (53)')
2024-07-25 15:36:19,025 - ERROR - Error populating Parcel Set dropdown: ('42S22', "[42S22] [Microsoft][ODBC SQL Server Driver][SQL Server]Invalid column name 'id'. (207) (SQLExecDirectW)")
2024-07-25 15:36:59,966 - ERROR - Error populating Parcel Set dropdown: ('42S22', "[42S22] [Microsoft][ODBC SQL Server Driver][SQL Server]Invalid column name 'id'. (207) (SQLExecDirectW)")
2024-07-25 15:49:06,108 - ERROR - Error fetching LRSNs and AINs: module 'pyodbc' has no attribute 'connection'
2024-07-25 15:50:23,100 - ERROR - Error fetching LRSNs and AINs: ('42S02', "[42S02] [Microsoft][ODBC SQL Server Driver][SQL Server]Invalid object name 'Parcel'. (208) (SQLExecDirectW); [42S02] [Microsoft][ODBC SQL Server Driver][SQL Server]Statement(s) could not be prepared. (8180)")
2024-07-25 15:59:48,775 - ERROR - Error fetching LRSNs and AINs: ('42S02', "[42S02] [Microsoft][ODBC SQL Server Driver][SQL Server]Invalid object name 'Parcel'. (208) (SQLExecDirectW); [42S02] [Microsoft][ODBC SQL Server Driver][SQL Server]Statement(s) could not be prepared. (8180)")
2024-07-25 15:59:53,637 - ERROR - Error fetching LRSNs and AINs: ('42S02', "[42S02] [Microsoft][ODBC SQL Server Driver][SQL Server]Invalid object name 'Parcel'. (208) (SQLExecDirectW); [42S02] [Microsoft][ODBC SQL Server Driver][SQL Server]Statement(s) could not be prepared. (8180)")
2024-07-25 16:05:27,442 - ERROR - Error fetching LRSNs and AINs: ('42S02', "[42S02] [Microsoft][ODBC SQL Server Driver][SQL Server]Invalid object name 'dbo.Parcel'. (208) (SQLExecDirectW); [42S02] [Microsoft][ODBC SQL Server Driver][SQL Server]Statement(s) could not be prepared. (8180)")
2024-07-25 16:11:39,286 - ERROR - Error fetching LRSNs and AINs: ('42S02', "[42S02] [Microsoft][ODBC SQL Server Driver][SQL Server]Invalid object name 'dbo.Parcel'. (208) (SQLExecDirectW); [42S02] [Microsoft][ODBC SQL Server Driver][SQL Server]Statement(s) could not be prepared. (8180)")
2024-07-25 16:12:43,162 - ERROR - Error fetching LRSNs and AINs: ('42S22', "[42S22] [Microsoft][ODBC SQL Server Driver][SQL Server]Invalid column name 'parcel_set_id'. (207) (SQLExecDirectW); [42S22] [Microsoft][ODBC SQL Server Driver][SQL Server]Invalid column name 'AIN'. (207); [42S22] [Microsoft][ODBC SQL Server Driver][SQL Server]Statement(s) could not be prepared. (8180)")
2024-07-25 16:41:56,715 - ERROR - Error fetching LRSNs and AINs: ('42S22', "[42S22] [Microsoft][ODBC SQL Server Driver][SQL Server]Invalid column name 'parcel_set_id'. (207) (SQLExecDirectW); [42S22] [Microsoft][ODBC SQL Server Driver][SQL Server]Invalid column name 'AIN'. (207); [42S22] [Microsoft][ODBC SQL Server Driver][SQL Server]Statement(s) could not be prepared. (8180)")
2024-07-25 16:42:23,369 - ERROR - Error fetching LRSNs and AINs: ('42S22', "[42S22] [Microsoft][ODBC SQL Server Driver][SQL Server]Invalid column name 'parcel_set_id'. (207) (SQLExecDirectW); [42S22] [Microsoft][ODBC SQL Server Driver][SQL Server]Invalid column name 'AIN'. (207); [42S22] [Microsoft][ODBC SQL Server Driver][SQL Server]Statement(s) could not be prepared. (8180)")
2024-07-25 16:44:15,254 - ERROR - Error fetching LRSNs and AINs: ('42S22', "[42S22] [Microsoft][ODBC SQL Server Driver][SQL Server]Invalid column name 'parcel_set_id'. (207) (SQLExecDirectW); [42S22] [Microsoft][ODBC SQL Server Driver][SQL Server]Invalid column name 'AIN'. (207); [42S22] [Microsoft][ODBC SQL Server Driver][SQL Server]Statement(s) could not be prepared. (8180)")
2024-07-25 16:47:26,240 - ERROR - Error fetching LRSNs and AINs: ('42S22', "[42S22] [Microsoft][ODBC SQL Server Driver][SQL Server]Invalid column name 'parcel_set_id'. (207) (SQLExecDirectW); [42S22] [Microsoft][ODBC SQL Server Driver][SQL Server]Statement(s) could not be prepared. (8180)")
2024-07-25 16:50:52,359 - ERROR - Error fetching LRSNs and AINs: not enough values to unpack (expected 2, got 1)
2024-07-25 16:52:37,306 - ERROR - Error fetching LRSNs and AINs: ('42S22', "[42S22] [Microsoft][ODBC SQL Server Driver][SQL Server]Invalid column name 'AIN'. (207) (SQLExecDirectW); [42S22] [Microsoft][ODBC SQL Server Driver][SQL Server]Statement(s) could not be prepared. (8180)")
2024-07-25 16:53:02,207 - ERROR - Error fetching LRSNs and AINs: ('42S22', "[42S22] [Microsoft][ODBC SQL Server Driver][SQL Server]Invalid column name 'AIN'. (207) (SQLExecDirectW); [42S22] [Microsoft][ODBC SQL Server Driver][SQL Server]Statement(s) could not be prepared. (8180)")
2024-07-25 16:53:32,790 - ERROR - Error fetching LRSNs and AINs: not enough values to unpack (expected 2, got 1)
2024-07-25 16:54:37,127 - ERROR - Error fetching LRSNs and AINs: ('The SQL contains 0 parameter markers, but 1 parameters were supplied', 'HY000')
2024-07-25 16:55:01,081 - ERROR - Error fetching LRSNs and AINs: not enough values to unpack (expected 2, got 1)
2024-07-26 08:53:03,160 - ERROR - Error fetching LRSNs and AINs: ('42S22', "[42S22] [Microsoft][ODBC SQL Server Driver][SQL Server]Invalid column name 'lsrn'. (207) (SQLExecDirectW); [42S22] [Microsoft][ODBC SQL Server Driver][SQL Server]Statement(s) could not be prepared. (8180)")
2024-07-26 09:02:03,207 - ERROR - Error fetching LRSNs and AINs: not enough values to unpack (expected 2, got 1)
2024-07-26 09:53:18,167 - ERROR - Error fetching AINs: not enough values to unpack (expected 2, got 1)
